<?xml version="1.0" encoding="UTF-8"?>
<testng-results skipped="0" failed="0" ignored="0" total="2" passed="2">
  <reporter-output>
  </reporter-output>
  <suite name="Suite" duration-ms="145744" started-at="2018-11-12T11:03:21Z" finished-at="2018-11-12T11:05:46Z">
    <groups>
    </groups>
    <test name="firefox test" duration-ms="39531" started-at="2018-11-12T11:03:21Z" finished-at="2018-11-12T11:04:00Z">
      <class name="scripts.homepageopration">
        <test-method status="PASS" signature="beforeClass(java.lang.String)[pri:0, instance:scripts.homepageopration@7a3d45bd]" name="beforeClass" is-config="true" duration-ms="4215" started-at="2018-11-12T11:03:21Z" finished-at="2018-11-12T11:03:25Z">
          <params>
            <param index="0">
              <value>
                <![CDATA[chrome]]>
              </value>
            </param>
          </params>
          <reporter-output>
          </reporter-output>
        </test-method> <!-- beforeClass -->
        <test-method status="PASS" signature="f()[pri:0, instance:scripts.homepageopration@7a3d45bd]" name="f" duration-ms="34537" started-at="2018-11-12T11:03:25Z" finished-at="2018-11-12T11:03:59Z">
          <reporter-output>
          </reporter-output>
        </test-method> <!-- f -->
        <test-method status="PASS" signature="afterClass()[pri:0, instance:scripts.homepageopration@7a3d45bd]" name="afterClass" is-config="true" duration-ms="756" started-at="2018-11-12T11:03:59Z" finished-at="2018-11-12T11:04:00Z">
          <reporter-output>
          </reporter-output>
        </test-method> <!-- afterClass -->
      </class> <!-- scripts.homepageopration -->
    </test> <!-- firefox test -->
    <test name="chrome test" duration-ms="106161" started-at="2018-11-12T11:04:00Z" finished-at="2018-11-12T11:05:46Z">
      <class name="scripts.addtocart">
        <test-method status="PASS" signature="beforeClass(java.lang.String)[pri:0, instance:scripts.addtocart@64f6106c]" name="beforeClass" is-config="true" duration-ms="4509" started-at="2018-11-12T11:04:00Z" finished-at="2018-11-12T11:04:05Z">
          <params>
            <param index="0">
              <value>
                <![CDATA[firefox]]>
              </value>
            </param>
          </params>
          <reporter-output>
          </reporter-output>
        </test-method> <!-- beforeClass -->
        <test-method status="PASS" signature="test1()[pri:0, instance:scripts.addtocart@64f6106c]" name="test1" duration-ms="101252" started-at="2018-11-12T11:04:05Z" finished-at="2018-11-12T11:05:46Z">
          <reporter-output>
          </reporter-output>
        </test-method> <!-- test1 -->
        <test-method status="PASS" signature="afterClass()[pri:0, instance:scripts.addtocart@64f6106c]" name="afterClass" is-config="true" duration-ms="395" started-at="2018-11-12T11:05:46Z" finished-at="2018-11-12T11:05:46Z">
          <reporter-output>
          </reporter-output>
        </test-method> <!-- afterClass -->
      </class> <!-- scripts.addtocart -->
    </test> <!-- chrome test -->
  </suite> <!-- Suite -->
</testng-results>
