<?xml version="1.0" encoding="UTF-8"?>
<testng-results skipped="0" failed="0" ignored="0" total="2" passed="2">
  <reporter-output>
  </reporter-output>
  <suite name="Suite" duration-ms="76408" started-at="2018-11-08T10:22:20Z" finished-at="2018-11-08T10:23:36Z">
    <groups>
    </groups>
    <test name="firefox test" duration-ms="54763" started-at="2018-11-08T10:22:20Z" finished-at="2018-11-08T10:23:15Z">
      <class name="scripts.addtocart">
        <test-method status="PASS" signature="beforeClass(java.lang.String)[pri:0, instance:scripts.addtocart@7a3d45bd]" name="beforeClass" is-config="true" duration-ms="5708" started-at="2018-11-08T10:22:20Z" finished-at="2018-11-08T10:22:26Z">
          <params>
            <param index="0">
              <value>
                <![CDATA[firefox]]>
              </value>
            </param>
          </params>
          <reporter-output>
          </reporter-output>
        </test-method> <!-- beforeClass -->
        <test-method status="PASS" signature="test1()[pri:0, instance:scripts.addtocart@7a3d45bd]" name="test1" duration-ms="48654" started-at="2018-11-08T10:22:26Z" finished-at="2018-11-08T10:23:14Z">
          <reporter-output>
          </reporter-output>
        </test-method> <!-- test1 -->
        <test-method status="PASS" signature="afterClass()[pri:0, instance:scripts.addtocart@7a3d45bd]" name="afterClass" is-config="true" duration-ms="385" started-at="2018-11-08T10:23:14Z" finished-at="2018-11-08T10:23:15Z">
          <reporter-output>
          </reporter-output>
        </test-method> <!-- afterClass -->
      </class> <!-- scripts.addtocart -->
    </test> <!-- firefox test -->
    <test name="chrome test" duration-ms="21598" started-at="2018-11-08T10:23:15Z" finished-at="2018-11-08T10:23:36Z">
      <class name="scripts.homepageopration">
        <test-method status="PASS" signature="beforeClass(java.lang.String)[pri:0, instance:scripts.homepageopration@64f6106c]" name="beforeClass" is-config="true" duration-ms="3479" started-at="2018-11-08T10:23:15Z" finished-at="2018-11-08T10:23:18Z">
          <params>
            <param index="0">
              <value>
                <![CDATA[chrome]]>
              </value>
            </param>
          </params>
          <reporter-output>
          </reporter-output>
        </test-method> <!-- beforeClass -->
        <test-method status="PASS" signature="f()[pri:0, instance:scripts.homepageopration@64f6106c]" name="f" duration-ms="17423" started-at="2018-11-08T10:23:18Z" finished-at="2018-11-08T10:23:36Z">
          <reporter-output>
          </reporter-output>
        </test-method> <!-- f -->
        <test-method status="PASS" signature="afterClass()[pri:0, instance:scripts.homepageopration@64f6106c]" name="afterClass" is-config="true" duration-ms="696" started-at="2018-11-08T10:23:36Z" finished-at="2018-11-08T10:23:36Z">
          <reporter-output>
          </reporter-output>
        </test-method> <!-- afterClass -->
      </class> <!-- scripts.homepageopration -->
    </test> <!-- chrome test -->
  </suite> <!-- Suite -->
</testng-results>
